<?xml version="1.0" encoding="UTF-8"?>
<testsuite xmlns:xsi="http://www.w3.org/2001/XMLSchema-instance" xsi:noNamespaceSchemaLocation="https://maven.apache.org/surefire/maven-surefire-plugin/xsd/surefire-test-report.xsd" name="com.njonecompany.web.TestWelcome" time="0.347" tests="1" errors="0" skipped="0" failures="0">
  <properties>
    <property name="java.specification.version" value="21"/>
    <property name="sun.jnu.encoding" value="UTF-8"/>
    <property name="java.class.path" value="/Users/mzc01-gunmin1012/git/cicd-web-project/target/test-classes:/Users/mzc01-gunmin1012/git/cicd-web-project/target/classes:/Users/mzc01-gunmin1012/.m2/repository/org/springframework/spring-webmvc/5.3.17/spring-webmvc-5.3.17.jar:/Users/mzc01-gunmin1012/.m2/repository/org/springframework/spring-aop/5.3.17/spring-aop-5.3.17.jar:/Users/mzc01-gunmin1012/.m2/repository/org/springframework/spring-beans/5.3.17/spring-beans-5.3.17.jar:/Users/mzc01-gunmin1012/.m2/repository/org/springframework/spring-context/5.3.17/spring-context-5.3.17.jar:/Users/mzc01-gunmin1012/.m2/repository/org/springframework/spring-core/5.3.17/spring-core-5.3.17.jar:/Users/mzc01-gunmin1012/.m2/repository/org/springframework/spring-jcl/5.3.17/spring-jcl-5.3.17.jar:/Users/mzc01-gunmin1012/.m2/repository/org/springframework/spring-expression/5.3.17/spring-expression-5.3.17.jar:/Users/mzc01-gunmin1012/.m2/repository/org/springframework/spring-web/5.3.17/spring-web-5.3.17.jar:/Users/mzc01-gunmin1012/.m2/repository/org/springframework/spring-test/5.3.17/spring-test-5.3.17.jar:/Users/mzc01-gunmin1012/.m2/repository/ch/qos/logback/logback-classic/1.2.3/logback-classic-1.2.3.jar:/Users/mzc01-gunmin1012/.m2/repository/ch/qos/logback/logback-core/1.2.3/logback-core-1.2.3.jar:/Users/mzc01-gunmin1012/.m2/repository/org/slf4j/slf4j-api/1.7.25/slf4j-api-1.7.25.jar:/Users/mzc01-gunmin1012/.m2/repository/org/junit/jupiter/junit-jupiter-engine/5.3.1/junit-jupiter-engine-5.3.1.jar:/Users/mzc01-gunmin1012/.m2/repository/org/apiguardian/apiguardian-api/1.0.0/apiguardian-api-1.0.0.jar:/Users/mzc01-gunmin1012/.m2/repository/org/junit/platform/junit-platform-engine/1.3.1/junit-platform-engine-1.3.1.jar:/Users/mzc01-gunmin1012/.m2/repository/org/junit/platform/junit-platform-commons/1.3.1/junit-platform-commons-1.3.1.jar:/Users/mzc01-gunmin1012/.m2/repository/org/opentest4j/opentest4j/1.1.1/opentest4j-1.1.1.jar:/Users/mzc01-gunmin1012/.m2/repository/org/junit/jupiter/junit-jupiter-api/5.3.1/junit-jupiter-api-5.3.1.jar:/Users/mzc01-gunmin1012/.m2/repository/org/hamcrest/hamcrest-library/1.3/hamcrest-library-1.3.jar:/Users/mzc01-gunmin1012/.m2/repository/org/hamcrest/hamcrest-core/1.3/hamcrest-core-1.3.jar:/Users/mzc01-gunmin1012/.m2/repository/javax/servlet/javax.servlet-api/3.1.0/javax.servlet-api-3.1.0.jar:/Users/mzc01-gunmin1012/.m2/repository/javax/servlet/jstl/1.2/jstl-1.2.jar:/Users/mzc01-gunmin1012/.m2/repository/javax/servlet/jsp/javax.servlet.jsp-api/2.3.1/javax.servlet.jsp-api-2.3.1.jar:"/>
    <property name="java.vm.vendor" value="Homebrew"/>
    <property name="sun.arch.data.model" value="64"/>
    <property name="java.vendor.url" value="https://github.com/Homebrew/homebrew-core/issues"/>
    <property name="os.name" value="Mac OS X"/>
    <property name="java.vm.specification.version" value="21"/>
    <property name="sun.java.launcher" value="SUN_STANDARD"/>
    <property name="user.country" value="KR"/>
    <property name="sun.boot.library.path" value="/opt/homebrew/Cellar/openjdk/21/libexec/openjdk.jdk/Contents/Home/lib"/>
    <property name="sun.java.command" value="/Users/mzc01-gunmin1012/git/cicd-web-project/target/surefire/surefirebooter8672306181331072061.jar /Users/mzc01-gunmin1012/git/cicd-web-project/target/surefire 2023-10-15T22-48-38_299-jvmRun1 surefire13499468653287387190tmp surefire_06571135250296563718tmp"/>
    <property name="http.nonProxyHosts" value="local|*.local|169.254/16|*.169.254/16|local|*.local|169.254/16|*.169.254/16|127.0.0.1:16105|*.127.0.0.1:16105|lx.astxsvc.com|*.lx.astxsvc.com"/>
    <property name="jdk.debug" value="release"/>
    <property name="surefire.test.class.path" value="/Users/mzc01-gunmin1012/git/cicd-web-project/target/test-classes:/Users/mzc01-gunmin1012/git/cicd-web-project/target/classes:/Users/mzc01-gunmin1012/.m2/repository/org/springframework/spring-webmvc/5.3.17/spring-webmvc-5.3.17.jar:/Users/mzc01-gunmin1012/.m2/repository/org/springframework/spring-aop/5.3.17/spring-aop-5.3.17.jar:/Users/mzc01-gunmin1012/.m2/repository/org/springframework/spring-beans/5.3.17/spring-beans-5.3.17.jar:/Users/mzc01-gunmin1012/.m2/repository/org/springframework/spring-context/5.3.17/spring-context-5.3.17.jar:/Users/mzc01-gunmin1012/.m2/repository/org/springframework/spring-core/5.3.17/spring-core-5.3.17.jar:/Users/mzc01-gunmin1012/.m2/repository/org/springframework/spring-jcl/5.3.17/spring-jcl-5.3.17.jar:/Users/mzc01-gunmin1012/.m2/repository/org/springframework/spring-expression/5.3.17/spring-expression-5.3.17.jar:/Users/mzc01-gunmin1012/.m2/repository/org/springframework/spring-web/5.3.17/spring-web-5.3.17.jar:/Users/mzc01-gunmin1012/.m2/repository/org/springframework/spring-test/5.3.17/spring-test-5.3.17.jar:/Users/mzc01-gunmin1012/.m2/repository/ch/qos/logback/logback-classic/1.2.3/logback-classic-1.2.3.jar:/Users/mzc01-gunmin1012/.m2/repository/ch/qos/logback/logback-core/1.2.3/logback-core-1.2.3.jar:/Users/mzc01-gunmin1012/.m2/repository/org/slf4j/slf4j-api/1.7.25/slf4j-api-1.7.25.jar:/Users/mzc01-gunmin1012/.m2/repository/org/junit/jupiter/junit-jupiter-engine/5.3.1/junit-jupiter-engine-5.3.1.jar:/Users/mzc01-gunmin1012/.m2/repository/org/apiguardian/apiguardian-api/1.0.0/apiguardian-api-1.0.0.jar:/Users/mzc01-gunmin1012/.m2/repository/org/junit/platform/junit-platform-engine/1.3.1/junit-platform-engine-1.3.1.jar:/Users/mzc01-gunmin1012/.m2/repository/org/junit/platform/junit-platform-commons/1.3.1/junit-platform-commons-1.3.1.jar:/Users/mzc01-gunmin1012/.m2/repository/org/opentest4j/opentest4j/1.1.1/opentest4j-1.1.1.jar:/Users/mzc01-gunmin1012/.m2/repository/org/junit/jupiter/junit-jupiter-api/5.3.1/junit-jupiter-api-5.3.1.jar:/Users/mzc01-gunmin1012/.m2/repository/org/hamcrest/hamcrest-library/1.3/hamcrest-library-1.3.jar:/Users/mzc01-gunmin1012/.m2/repository/org/hamcrest/hamcrest-core/1.3/hamcrest-core-1.3.jar:/Users/mzc01-gunmin1012/.m2/repository/javax/servlet/javax.servlet-api/3.1.0/javax.servlet-api-3.1.0.jar:/Users/mzc01-gunmin1012/.m2/repository/javax/servlet/jstl/1.2/jstl-1.2.jar:/Users/mzc01-gunmin1012/.m2/repository/javax/servlet/jsp/javax.servlet.jsp-api/2.3.1/javax.servlet.jsp-api-2.3.1.jar:"/>
    <property name="sun.cpu.endian" value="little"/>
    <property name="user.home" value="/Users/mzc01-gunmin1012"/>
    <property name="user.language" value="ko"/>
    <property name="java.specification.vendor" value="Oracle Corporation"/>
    <property name="java.version.date" value="2023-09-19"/>
    <property name="java.home" value="/opt/homebrew/Cellar/openjdk/21/libexec/openjdk.jdk/Contents/Home"/>
    <property name="file.separator" value="/"/>
    <property name="basedir" value="/Users/mzc01-gunmin1012/git/cicd-web-project"/>
    <property name="java.vm.compressedOopsMode" value="Zero based"/>
    <property name="line.separator" value="&#10;"/>
    <property name="java.vm.specification.vendor" value="Oracle Corporation"/>
    <property name="java.specification.name" value="Java Platform API Specification"/>
    <property name="apple.awt.application.name" value="ForkedBooter"/>
    <property name="surefire.real.class.path" value="/Users/mzc01-gunmin1012/git/cicd-web-project/target/surefire/surefirebooter8672306181331072061.jar"/>
    <property name="sun.management.compiler" value="HotSpot 64-Bit Tiered Compilers"/>
    <property name="ftp.nonProxyHosts" value="local|*.local|169.254/16|*.169.254/16|local|*.local|169.254/16|*.169.254/16|127.0.0.1:16105|*.127.0.0.1:16105|lx.astxsvc.com|*.lx.astxsvc.com"/>
    <property name="java.runtime.version" value="21"/>
    <property name="skipTests-true" value="true"/>
    <property name="user.name" value="mzc01-gunmin1012"/>
    <property name="stdout.encoding" value="UTF-8"/>
    <property name="path.separator" value=":"/>
    <property name="os.version" value="14.0"/>
    <property name="java.runtime.name" value="OpenJDK Runtime Environment"/>
    <property name="file.encoding" value="UTF-8"/>
    <property name="java.vm.name" value="OpenJDK 64-Bit Server VM"/>
    <property name="java.vendor.version" value="Homebrew"/>
    <property name="localRepository" value="/Users/mzc01-gunmin1012/.m2/repository"/>
    <property name="java.vendor.url.bug" value="https://github.com/Homebrew/homebrew-core/issues"/>
    <property name="java.io.tmpdir" value="/var/folders/yh/9dqkjvy57nl7q6bj4y_75xdc0000gn/T/"/>
    <property name="java.version" value="21"/>
    <property name="user.dir" value="/Users/mzc01-gunmin1012/git/cicd-web-project"/>
    <property name="os.arch" value="aarch64"/>
    <property name="java.vm.specification.name" value="Java Virtual Machine Specification"/>
    <property name="native.encoding" value="UTF-8"/>
    <property name="java.library.path" value="/Users/mzc01-gunmin1012/Library/Java/Extensions:/Library/Java/Extensions:/Network/Library/Java/Extensions:/System/Library/Java/Extensions:/usr/lib/java:."/>
    <property name="java.vm.info" value="mixed mode, sharing"/>
    <property name="stderr.encoding" value="UTF-8"/>
    <property name="java.vendor" value="Homebrew"/>
    <property name="java.vm.version" value="21"/>
    <property name="sun.io.unicode.encoding" value="UnicodeBig"/>
    <property name="socksNonProxyHosts" value="local|*.local|169.254/16|*.169.254/16|local|*.local|169.254/16|*.169.254/16|127.0.0.1:16105|*.127.0.0.1:16105|lx.astxsvc.com|*.lx.astxsvc.com"/>
    <property name="java.class.version" value="65.0"/>
  </properties>
  <testcase name="testWelcome" classname="com.njonecompany.web.TestWelcome" time="0.032"/>
</testsuite>